<?xml version="1.0" encoding="UTF-8"?>
<!-- Generated by org.testng.reporters.JUnitReportReporter -->
<testsuite hostname="DESKTOP-L6OGJNQ" failures="0" tests="1" name="practice.testng.DataProvidereg2" time="0.011" errors="0" timestamp="2025-02-25T15:34:43 IST" skipped="0">
  <testcase classname="practice.testng.DataProvidereg2" name="createcontact" time="0.011"/>
  <system-out/>
</testsuite> <!-- practice.testng.DataProvidereg2 -->
