<?xml version="1.0" encoding="UTF-8"?>
<!-- Generated by org.testng.reporters.JUnitReportReporter -->
<testsuite hostname="DESKTOP-L6OGJNQ" failures="0" tests="1" name="practice.testng.ScreenShotUsingEventFiring" time="6.203" errors="0" timestamp="2025-02-28T15:25:48 IST" skipped="0">
  <testcase classname="practice.testng.ScreenShotUsingEventFiring" name="screenShotTesting" time="6.203"/>
  <system-out/>
</testsuite> <!-- practice.testng.ScreenShotUsingEventFiring -->
