<?xml version="1.0" encoding="UTF-8"?>
<!-- Generated by org.testng.reporters.JUnitReportReporter -->
<testsuite hostname="DESKTOP-L6OGJNQ" failures="0" tests="1" name="practice.testng.SimpleReportExetentReportTesting" time="7.988" errors="0" timestamp="2025-03-03T15:19:43 IST" skipped="0">
  <testcase classname="practice.testng.SimpleReportExetentReportTesting" name="extentreporttest" time="7.988"/>
  <system-out/>
</testsuite> <!-- practice.testng.SimpleReportExetentReportTesting -->
