<?xml version="1.0" encoding="UTF-8"?>
<!-- Generated by org.testng.reporters.JUnitReportReporter -->
<testsuite hostname="DESKTOP-L6OGJNQ" failures="0" tests="3" name="practice.testng.CreateContact" time="70.699" errors="0" timestamp="2025-03-03T18:11:09 IST" skipped="0">
  <testcase classname="practice.testng.CreateContact" name="createcontwithorgname" time="35.686"/>
  <system-out/>
  <testcase classname="practice.testng.CreateContact" name="createcontwithsuppdate" time="18.414"/>
  <system-out/>
  <testcase classname="practice.testng.CreateContact" name="createcontwithname" time="16.599"/>
  <system-out/>
</testsuite> <!-- practice.testng.CreateContact -->
