<?xml version="1.0" encoding="UTF-8"?>
<!-- Generated by org.testng.reporters.JUnitReportReporter -->
<testsuite hostname="DESKTOP-L6OGJNQ" failures="0" tests="1" name="practice.testng.AmazonSamsungDynamicPrice" time="12.411" errors="0" timestamp="2025-02-25T17:27:37 IST" skipped="0">
  <testcase classname="practice.testng.AmazonSamsungDynamicPrice" name="samsungprice" time="12.411"/>
  <system-out/>
</testsuite> <!-- practice.testng.AmazonSamsungDynamicPrice -->
