<?xml version="1.0" encoding="UTF-8"?>
<!-- Generated by org.testng.reporters.JUnitReportReporter -->
<testsuite hostname="DESKTOP-L6OGJNQ" failures="0" tests="3" name="practice.testng.DynamicPathThroughExcel" time="109.985" errors="0" timestamp="2025-02-25T20:07:51 IST" skipped="0">
  <testcase classname="practice.testng.DynamicPathThroughExcel" name="getpriceofelements" time="47.041"/>
  <system-out/>
  <testcase classname="practice.testng.DynamicPathThroughExcel" name="getpriceofelements" time="33.157"/>
  <system-out/>
  <testcase classname="practice.testng.DynamicPathThroughExcel" name="getpriceofelements" time="29.787"/>
  <system-out/>
</testsuite> <!-- practice.testng.DynamicPathThroughExcel -->
