<?xml version="1.0" encoding="UTF-8"?>
<!-- Generated by org.testng.reporters.JUnitReportReporter -->
<testsuite hostname="DESKTOP-L6OGJNQ" failures="0" tests="2" name="practice.testng.ListnerTestingTest" time="14.553" errors="0" timestamp="2025-03-01T19:30:53 IST" skipped="0">
  <testcase classname="practice.testng.ListnerTestingTest" name="createinvoicewithcontact" time="6.664"/>
  <system-out/>
  <testcase classname="practice.testng.ListnerTestingTest" name="createinvoice" time="7.889"/>
  <system-out/>
</testsuite> <!-- practice.testng.ListnerTestingTest -->
