<?xml version="1.0" encoding="UTF-8"?>
<!-- Generated by org.testng.reporters.JUnitReportReporter -->
<testsuite hostname="DESKTOP-L6OGJNQ" failures="0" tests="1" name="practice.testng.AttachScreenShotToReport" time="52.570" errors="0" timestamp="2025-03-03T15:38:09 IST" skipped="0">
  <testcase classname="practice.testng.AttachScreenShotToReport" name="attachScToReport" time="52.570"/>
  <system-out/>
</testsuite> <!-- practice.testng.AttachScreenShotToReport -->
