<?xml version="1.0" encoding="UTF-8"?>
<!-- Generated by org.testng.reporters.JUnitReportReporter -->
<testsuite hostname="DESKTOP-L6OGJNQ" failures="0" tests="3" name="practice.testng.DataProviderTesting321" time="33.610" errors="0" timestamp="2025-02-26T09:12:54 IST" skipped="0">
  <testcase classname="practice.testng.DataProviderTesting321" name="shoes" time="17.329"/>
  <system-out/>
  <testcase classname="practice.testng.DataProviderTesting321" name="shoes" time="8.067"/>
  <system-out/>
  <testcase classname="practice.testng.DataProviderTesting321" name="shoes" time="8.214"/>
  <system-out/>
</testsuite> <!-- practice.testng.DataProviderTesting321 -->
