<?xml version="1.0" encoding="UTF-8"?>
<!-- Generated by org.testng.reporters.JUnitReportReporter -->
<testsuite hostname="DESKTOP-L6OGJNQ" failures="0" tests="3" name="practice.testng.CreateOrgnization" time="43.944" errors="0" timestamp="2025-03-03T18:11:09 IST" skipped="0">
  <testcase classname="practice.testng.CreateOrgnization" name="createorgwithphonenum" time="15.454"/>
  <system-out/>
  <testcase classname="practice.testng.CreateOrgnization" name="createOrgnwithindustry" time="14.681"/>
  <system-out/>
  <testcase classname="practice.testng.CreateOrgnization" name="createContactTest" time="13.809"/>
  <system-out/>
</testsuite> <!-- practice.testng.CreateOrgnization -->
