<?xml version="1.0" encoding="UTF-8"?>
<!-- Generated by org.testng.reporters.JUnitReportReporter -->
<testsuite hostname="DESKTOP-L6OGJNQ" failures="0" tests="3" name="practice.testng.DataProvidereg" time="0.012" errors="0" timestamp="2025-02-25T15:29:20 IST" skipped="0">
  <testcase classname="practice.testng.DataProvidereg" name="createcontact" time="0.008"/>
  <system-out/>
  <testcase classname="practice.testng.DataProvidereg" name="createcontact" time="0.001"/>
  <system-out/>
  <testcase classname="practice.testng.DataProvidereg" name="createcontact" time="0.003"/>
  <system-out/>
</testsuite> <!-- practice.testng.DataProvidereg -->
