<?xml version="1.0" encoding="UTF-8"?>
<!-- Generated by org.testng.reporters.JUnitReportReporter -->
<testsuite hostname="DESKTOP-L6OGJNQ" failures="0" tests="1" name="practice.testng.ReporterLog" time="0.014" errors="0" timestamp="2025-02-28T15:15:46 IST" skipped="0">
  <testcase classname="practice.testng.ReporterLog" name="reportlogtest" time="0.014"/>
  <system-out>
    <![CDATA[test 3
test 4
test 5
test 6]]>
  </system-out>
</testsuite> <!-- practice.testng.ReporterLog -->
