<?xml version="1.0" encoding="UTF-8"?>
<!-- Generated by org.testng.reporters.JUnitReportReporter -->
<testsuite hostname="DESKTOP-L6OGJNQ" failures="0" tests="2" name="practice.testng.ConfigureAnnotationsTestig" time="0.015" errors="0" timestamp="2025-02-26T15:52:07 IST" skipped="0">
  <testcase classname="practice.testng.ConfigureAnnotationsTestig" name="configtesting" time="0.010"/>
  <system-out/>
  <testcase classname="practice.testng.ConfigureAnnotationsTestig" name="configtesting2" time="0.005"/>
  <system-out/>
</testsuite> <!-- practice.testng.ConfigureAnnotationsTestig -->
