<?xml version="1.0" encoding="UTF-8"?>
<!-- Generated by org.testng.reporters.JUnitReportReporter -->
<testsuite hostname="DESKTOP-L6OGJNQ" failures="0" tests="1" name="practice.testng.CreateContactTest" time="15.342" errors="0" timestamp="2025-02-26T16:28:14 IST" skipped="0">
  <testcase classname="practice.testng.CreateContactTest" name="createContactTest" time="15.342"/>
  <system-out/>
</testsuite> <!-- practice.testng.CreateContactTest -->
