<?xml version="1.0" encoding="UTF-8"?>
<!-- Generated by org.testng.reporters.JUnitReportReporter -->
<testsuite hostname="DESKTOP-L6OGJNQ" failures="0" tests="1" name="practice.pom.repository.SimpleTestWithPom" time="9.474" errors="0" timestamp="19 Feb 2025 10:28:26 GMT" skipped="0">
  <testcase classname="practice.pom.repository.SimpleTestWithPom" name="simpletest" time="9.474"/>
</testsuite> <!-- practice.pom.repository.SimpleTestWithPom -->
