<?xml version="1.0" encoding="UTF-8"?>
<!-- Generated by org.testng.reporters.JUnitReportReporter -->
<testsuite hostname="DESKTOP-L6OGJNQ" failures="0" tests="6" name="practice.testng.TestNgPractice1" time="0.020" errors="0" timestamp="2025-02-25T15:21:56 IST" skipped="1">
  <testcase classname="practice.testng.TestNgPractice1" name="createorg" time="0.002"/>
  <system-out/>
  <testcase classname="practice.testng.TestNgPractice1" name="createorg" time="0.002"/>
  <system-out/>
  <testcase classname="practice.testng.TestNgPractice1" name="createorg" time="0.002"/>
  <system-out/>
  <testcase classname="practice.testng.TestNgPractice1" name="createorg" time="0.002"/>
  <system-out/>
  <testcase classname="practice.testng.TestNgPractice1" name="createorg" time="0.012"/>
  <system-out/>
  <testcase classname="practice.testng.TestNgPractice1" name="createcontact">
    <skipped/>
  </testcase> <!-- createcontact -->
  <system-out/>
</testsuite> <!-- practice.testng.TestNgPractice1 -->
