<?xml version="1.0" encoding="UTF-8"?>
<!-- Generated by org.testng.reporters.JUnitReportReporter -->
<testsuite hostname="DESKTOP-L6OGJNQ" failures="0" tests="6" name="practice.testng.TestNgTest" time="0.026" errors="0" timestamp="2025-02-24T22:08:28 IST" skipped="1">
  <testcase classname="practice.testng.TestNgTest" name="b" time="0.004"/>
  <system-out/>
  <testcase classname="practice.testng.TestNgTest" name="b" time="0.003"/>
  <system-out/>
  <testcase classname="practice.testng.TestNgTest" name="b" time="0.004"/>
  <system-out/>
  <testcase classname="practice.testng.TestNgTest" name="b" time="0.004"/>
  <system-out/>
  <testcase classname="practice.testng.TestNgTest" name="b" time="0.011"/>
  <system-out/>
  <testcase classname="practice.testng.TestNgTest" name="a">
    <skipped/>
  </testcase> <!-- a -->
  <system-out/>
</testsuite> <!-- practice.testng.TestNgTest -->
