<?xml version="1.0" encoding="UTF-8"?>
<!-- Generated by org.testng.reporters.JUnitReportReporter -->
<testsuite hostname="DESKTOP-L6OGJNQ" failures="0" tests="1" name="practice.testng.AmazonDynamicPrice_locator" time="11.291" errors="0" timestamp="2025-02-25T17:10:54 IST" skipped="0">
  <testcase classname="practice.testng.AmazonDynamicPrice_locator" name="getpriceofPhone" time="11.291"/>
  <system-out/>
</testsuite> <!-- practice.testng.AmazonDynamicPrice_locator -->
