<?xml version="1.0" encoding="UTF-8"?>
<!-- Generated by org.testng.reporters.JUnitReportReporter -->
<testsuite hostname="DESKTOP-L6OGJNQ" failures="0" tests="1" name="practice.testng.ScreenShotSecondWay" time="6.958" errors="0" timestamp="2025-03-01T10:59:43 IST" skipped="0">
  <testcase classname="practice.testng.ScreenShotSecondWay" name="takingScreenShot" time="6.958"/>
  <system-out/>
</testsuite> <!-- practice.testng.ScreenShotSecondWay -->
