<?xml version="1.0" encoding="UTF-8"?>
<!-- Generated by org.testng.reporters.JUnitReportReporter -->
<testsuite hostname="DESKTOP-L6OGJNQ" failures="0" tests="2" name="practice.testng.DynamicXpath_PriceLocator" time="74.378" errors="0" timestamp="2025-02-25T16:31:42 IST" skipped="0">
  <testcase classname="practice.testng.DynamicXpath_PriceLocator" name="getdynamicprice" time="38.254"/>
  <system-out/>
  <testcase classname="practice.testng.DynamicXpath_PriceLocator" name="getdynamiciphoneprice" time="36.124"/>
  <system-out/>
</testsuite> <!-- practice.testng.DynamicXpath_PriceLocator -->
